{"D:\\Projekt\\rest api\\app.js": {"path":"D:\\Projekt\\rest api\\app.js","statementMap":{"0":{"start":{"line":1,"column":16},"end":{"line":1,"column":34}},"1":{"start":{"line":2,"column":19},"end":{"line":2,"column":41}},"2":{"start":{"line":3,"column":15},"end":{"line":3,"column":32}},"3":{"start":{"line":4,"column":13},"end":{"line":4,"column":28}},"4":{"start":{"line":5,"column":17},"end":{"line":5,"column":36}},"5":{"start":{"line":6,"column":12},"end":{"line":6,"column":21}},"6":{"start":{"line":7,"column":18},"end":{"line":7,"column":45}},"7":{"start":{"line":8,"column":15},"end":{"line":8,"column":39}},"8":{"start":{"line":10,"column":14},"end":{"line":10,"column":131}},"9":{"start":{"line":11,"column":0},"end":{"line":13,"column":34}},"10":{"start":{"line":12,"column":12},"end":{"line":12,"column":42}},"11":{"start":{"line":13,"column":16},"end":{"line":13,"column":32}},"12":{"start":{"line":15,"column":0},"end":{"line":15,"column":16}},"13":{"start":{"line":16,"column":0},"end":{"line":16,"column":25}},"14":{"start":{"line":17,"column":0},"end":{"line":17,"column":28}},"15":{"start":{"line":19,"column":0},"end":{"line":19,"column":27}},"16":{"start":{"line":24,"column":0},"end":{"line":27,"column":1}},"17":{"start":{"line":26,"column":4},"end":{"line":26,"column":32}},"18":{"start":{"line":30,"column":0},"end":{"line":41,"column":3}},"19":{"start":{"line":32,"column":4},"end":{"line":39,"column":7}},"20":{"start":{"line":34,"column":8},"end":{"line":34,"column":25}},"21":{"start":{"line":38,"column":8},"end":{"line":38,"column":25}},"22":{"start":{"line":43,"column":0},"end":{"line":52,"column":3}},"23":{"start":{"line":45,"column":4},"end":{"line":51,"column":7}},"24":{"start":{"line":47,"column":8},"end":{"line":47,"column":25}},"25":{"start":{"line":50,"column":8},"end":{"line":50,"column":25}},"26":{"start":{"line":54,"column":0},"end":{"line":67,"column":3}},"27":{"start":{"line":55,"column":16},"end":{"line":58,"column":6}},"28":{"start":{"line":60,"column":4},"end":{"line":66,"column":6}},"29":{"start":{"line":62,"column":8},"end":{"line":62,"column":25}},"30":{"start":{"line":65,"column":8},"end":{"line":65,"column":25}},"31":{"start":{"line":69,"column":0},"end":{"line":78,"column":3}},"32":{"start":{"line":71,"column":4},"end":{"line":77,"column":7}},"33":{"start":{"line":73,"column":8},"end":{"line":73,"column":25}},"34":{"start":{"line":76,"column":8},"end":{"line":76,"column":25}},"35":{"start":{"line":80,"column":0},"end":{"line":89,"column":3}},"36":{"start":{"line":82,"column":4},"end":{"line":88,"column":7}},"37":{"start":{"line":84,"column":8},"end":{"line":84,"column":25}},"38":{"start":{"line":87,"column":8},"end":{"line":87,"column":25}},"39":{"start":{"line":96,"column":0},"end":{"line":96,"column":21}}},"fnMap":{"0":{"name":"(anonymous_0)","decl":{"start":{"line":12,"column":6},"end":{"line":12,"column":7}},"loc":{"start":{"line":12,"column":12},"end":{"line":12,"column":42}},"line":12},"1":{"name":"(anonymous_1)","decl":{"start":{"line":13,"column":7},"end":{"line":13,"column":8}},"loc":{"start":{"line":13,"column":16},"end":{"line":13,"column":32}},"line":13},"2":{"name":"(anonymous_2)","decl":{"start":{"line":30,"column":13},"end":{"line":30,"column":14}},"loc":{"start":{"line":30,"column":33},"end":{"line":41,"column":1}},"line":30},"3":{"name":"(anonymous_3)","decl":{"start":{"line":33,"column":10},"end":{"line":33,"column":11}},"loc":{"start":{"line":33,"column":22},"end":{"line":36,"column":5}},"line":33},"4":{"name":"(anonymous_4)","decl":{"start":{"line":37,"column":11},"end":{"line":37,"column":12}},"loc":{"start":{"line":37,"column":20},"end":{"line":39,"column":5}},"line":37},"5":{"name":"(anonymous_5)","decl":{"start":{"line":43,"column":16},"end":{"line":43,"column":17}},"loc":{"start":{"line":43,"column":36},"end":{"line":52,"column":1}},"line":43},"6":{"name":"(anonymous_6)","decl":{"start":{"line":46,"column":10},"end":{"line":46,"column":11}},"loc":{"start":{"line":46,"column":22},"end":{"line":48,"column":5}},"line":46},"7":{"name":"(anonymous_7)","decl":{"start":{"line":49,"column":11},"end":{"line":49,"column":12}},"loc":{"start":{"line":49,"column":20},"end":{"line":51,"column":5}},"line":49},"8":{"name":"(anonymous_8)","decl":{"start":{"line":54,"column":14},"end":{"line":54,"column":15}},"loc":{"start":{"line":54,"column":34},"end":{"line":67,"column":1}},"line":54},"9":{"name":"(anonymous_9)","decl":{"start":{"line":61,"column":10},"end":{"line":61,"column":11}},"loc":{"start":{"line":61,"column":20},"end":{"line":63,"column":5}},"line":61},"10":{"name":"(anonymous_10)","decl":{"start":{"line":64,"column":11},"end":{"line":64,"column":12}},"loc":{"start":{"line":64,"column":18},"end":{"line":66,"column":5}},"line":64},"11":{"name":"(anonymous_11)","decl":{"start":{"line":69,"column":19},"end":{"line":69,"column":20}},"loc":{"start":{"line":69,"column":39},"end":{"line":78,"column":1}},"line":69},"12":{"name":"(anonymous_12)","decl":{"start":{"line":72,"column":10},"end":{"line":72,"column":11}},"loc":{"start":{"line":72,"column":22},"end":{"line":74,"column":5}},"line":72},"13":{"name":"(anonymous_13)","decl":{"start":{"line":75,"column":11},"end":{"line":75,"column":12}},"loc":{"start":{"line":75,"column":20},"end":{"line":77,"column":5}},"line":75},"14":{"name":"(anonymous_14)","decl":{"start":{"line":80,"column":18},"end":{"line":80,"column":19}},"loc":{"start":{"line":80,"column":38},"end":{"line":89,"column":1}},"line":80},"15":{"name":"(anonymous_15)","decl":{"start":{"line":83,"column":10},"end":{"line":83,"column":11}},"loc":{"start":{"line":83,"column":22},"end":{"line":85,"column":5}},"line":83},"16":{"name":"(anonymous_16)","decl":{"start":{"line":86,"column":11},"end":{"line":86,"column":12}},"loc":{"start":{"line":86,"column":20},"end":{"line":88,"column":5}},"line":86}},"branchMap":{"0":{"loc":{"start":{"line":24,"column":0},"end":{"line":27,"column":1}},"type":"if","locations":[{"start":{"line":24,"column":0},"end":{"line":27,"column":1}},{"start":{"line":24,"column":0},"end":{"line":27,"column":1}}],"line":24}},"s":{"0":1,"1":1,"2":1,"3":1,"4":1,"5":1,"6":1,"7":1,"8":1,"9":1,"10":1,"11":0,"12":1,"13":1,"14":1,"15":1,"16":1,"17":0,"18":1,"19":0,"20":0,"21":0,"22":1,"23":1,"24":0,"25":1,"26":1,"27":0,"28":0,"29":0,"30":0,"31":1,"32":0,"33":0,"34":0,"35":1,"36":0,"37":0,"38":0,"39":1},"f":{"0":1,"1":0,"2":0,"3":0,"4":0,"5":1,"6":0,"7":1,"8":0,"9":0,"10":0,"11":0,"12":0,"13":0,"14":0,"15":0,"16":0},"b":{"0":[0,1]},"_coverageSchema":"1a1c01bbd47fc00a2c39e90264f33305004495a9","hash":"25f2605c197823cf8d3c38e21d1d5178aa1dcac1"}
,"D:\\Projekt\\rest api\\models\\data.js": {"path":"D:\\Projekt\\rest api\\models\\data.js","statementMap":{"0":{"start":{"line":1,"column":17},"end":{"line":1,"column":36}},"1":{"start":{"line":2,"column":15},"end":{"line":2,"column":30}},"2":{"start":{"line":4,"column":18},"end":{"line":13,"column":23}},"3":{"start":{"line":16,"column":18},"end":{"line":16,"column":56}},"4":{"start":{"line":18,"column":0},"end":{"line":18,"column":27}}},"fnMap":{},"branchMap":{},"s":{"0":1,"1":1,"2":1,"3":1,"4":1},"f":{},"b":{},"_coverageSchema":"1a1c01bbd47fc00a2c39e90264f33305004495a9","hash":"fd92f21d5a8ff51947108d1612ab1b63f6901eff"}
}
