TN:
SF:app.js
FN:12,(anonymous_0)
FN:13,(anonymous_1)
FN:30,(anonymous_2)
FN:33,(anonymous_3)
FN:37,(anonymous_4)
FN:43,(anonymous_5)
FN:46,(anonymous_6)
FN:49,(anonymous_7)
FN:54,(anonymous_8)
FN:61,(anonymous_9)
FN:64,(anonymous_10)
FN:69,(anonymous_11)
FN:72,(anonymous_12)
FN:75,(anonymous_13)
FN:80,(anonymous_14)
FN:83,(anonymous_15)
FN:86,(anonymous_16)
FNF:17
FNH:3
FNDA:1,(anonymous_0)
FNDA:0,(anonymous_1)
FNDA:0,(anonymous_2)
FNDA:0,(anonymous_3)
FNDA:0,(anonymous_4)
FNDA:1,(anonymous_5)
FNDA:0,(anonymous_6)
FNDA:1,(anonymous_7)
FNDA:0,(anonymous_8)
FNDA:0,(anonymous_9)
FNDA:0,(anonymous_10)
FNDA:0,(anonymous_11)
FNDA:0,(anonymous_12)
FNDA:0,(anonymous_13)
FNDA:0,(anonymous_14)
FNDA:0,(anonymous_15)
FNDA:0,(anonymous_16)
DA:1,1
DA:2,1
DA:3,1
DA:4,1
DA:5,1
DA:6,1
DA:7,1
DA:8,1
DA:10,1
DA:11,1
DA:12,1
DA:13,0
DA:15,1
DA:16,1
DA:17,1
DA:19,1
DA:24,1
DA:26,0
DA:30,1
DA:32,0
DA:34,0
DA:38,0
DA:43,1
DA:45,1
DA:47,0
DA:50,1
DA:54,1
DA:55,0
DA:60,0
DA:62,0
DA:65,0
DA:69,1
DA:71,0
DA:73,0
DA:76,0
DA:80,1
DA:82,0
DA:84,0
DA:87,0
DA:96,1
LF:40
LH:24
BRDA:24,0,0,0
BRDA:24,0,1,1
BRF:2
BRH:1
end_of_record
TN:
SF:models\data.js
FNF:0
FNH:0
DA:1,1
DA:2,1
DA:4,1
DA:16,1
DA:18,1
LF:5
LH:5
BRF:0
BRH:0
end_of_record
